{"C:\\Users\\icufi\\Dropbox\\Coding\\Udacity\\Projects\\Project 4\\evaluate-news-nlp\\src\\client\\js\\formHandler.js": {"path":"C:\\Users\\icufi\\Dropbox\\Coding\\Udacity\\Projects\\Project 4\\evaluate-news-nlp\\src\\client\\js\\formHandler.js","statementMap":{"0":{"start":{"line":7,"column":21},"end":{"line":36,"column":1}},"1":{"start":{"line":8,"column":2},"end":{"line":8,"column":25}},"2":{"start":{"line":9,"column":17},"end":{"line":9,"column":54}},"3":{"start":{"line":12,"column":2},"end":{"line":35,"column":3}},"4":{"start":{"line":13,"column":20},"end":{"line":13,"column":47}},"5":{"start":{"line":14,"column":16},"end":{"line":14,"column":36}},"6":{"start":{"line":15,"column":17},"end":{"line":15,"column":33}},"7":{"start":{"line":16,"column":4},"end":{"line":16,"column":22}},"8":{"start":{"line":17,"column":4},"end":{"line":19,"column":55}},"9":{"start":{"line":20,"column":4},"end":{"line":20,"column":93}},"10":{"start":{"line":21,"column":4},"end":{"line":23,"column":47}},"11":{"start":{"line":24,"column":4},"end":{"line":26,"column":46}},"12":{"start":{"line":27,"column":4},"end":{"line":29,"column":49}},"13":{"start":{"line":34,"column":4},"end":{"line":34,"column":51}}},"fnMap":{"0":{"name":"(anonymous_0)","decl":{"start":{"line":7,"column":21},"end":{"line":7,"column":22}},"loc":{"start":{"line":7,"column":36},"end":{"line":36,"column":1}},"line":7}},"branchMap":{"0":{"loc":{"start":{"line":12,"column":2},"end":{"line":35,"column":3}},"type":"if","locations":[{"start":{"line":12,"column":2},"end":{"line":35,"column":3}},{"start":{"line":12,"column":2},"end":{"line":35,"column":3}}],"line":12}},"s":{"0":1,"1":1,"2":0,"3":0,"4":0,"5":0,"6":0,"7":0,"8":0,"9":0,"10":0,"11":0,"12":0,"13":0},"f":{"0":1},"b":{"0":[0,0]},"_coverageSchema":"1a1c01bbd47fc00a2c39e90264f33305004495a9","hash":"b0d298f78e2fc6f86b89c3f8322d7aba18ffc033"}
,"C:\\Users\\icufi\\Dropbox\\Coding\\Udacity\\Projects\\Project 4\\evaluate-news-nlp\\src\\client\\js\\nameChecker.js": {"path":"C:\\Users\\icufi\\Dropbox\\Coding\\Udacity\\Projects\\Project 4\\evaluate-news-nlp\\src\\client\\js\\nameChecker.js","statementMap":{"0":{"start":{"line":1,"column":21},"end":{"line":5,"column":1}},"1":{"start":{"line":2,"column":4},"end":{"line":2,"column":59}},"2":{"start":{"line":3,"column":18},"end":{"line":3,"column":57}},"3":{"start":{"line":4,"column":4},"end":{"line":4,"column":33}}},"fnMap":{"0":{"name":"(anonymous_0)","decl":{"start":{"line":1,"column":21},"end":{"line":1,"column":22}},"loc":{"start":{"line":1,"column":34},"end":{"line":5,"column":1}},"line":1}},"branchMap":{},"s":{"0":2,"1":1,"2":1,"3":1},"f":{"0":1},"b":{},"_coverageSchema":"1a1c01bbd47fc00a2c39e90264f33305004495a9","hash":"f097c82b3a3103ae9d02803c3b563b05f20d3fe5"}
}
