{"C:\\Users\\icufi\\Dropbox\\Coding\\Udacity\\Projects\\Project 4\\evaluate-news-nlp\\src\\client\\js\\mockFormHandler.js": {"path":"C:\\Users\\icufi\\Dropbox\\Coding\\Udacity\\Projects\\Project 4\\evaluate-news-nlp\\src\\client\\js\\mockFormHandler.js","statementMap":{"0":{"start":{"line":5,"column":17},"end":{"line":5,"column":63}},"1":{"start":{"line":7,"column":2},"end":{"line":14,"column":3}},"2":{"start":{"line":8,"column":20},"end":{"line":8,"column":47}},"3":{"start":{"line":9,"column":16},"end":{"line":9,"column":36}},"4":{"start":{"line":10,"column":17},"end":{"line":10,"column":33}},"5":{"start":{"line":11,"column":4},"end":{"line":11,"column":22}},"6":{"start":{"line":13,"column":4},"end":{"line":13,"column":51}}},"fnMap":{"0":{"name":"mockHandleSubmit","decl":{"start":{"line":4,"column":15},"end":{"line":4,"column":31}},"loc":{"start":{"line":4,"column":34},"end":{"line":15,"column":1}},"line":4}},"branchMap":{"0":{"loc":{"start":{"line":7,"column":2},"end":{"line":14,"column":3}},"type":"if","locations":[{"start":{"line":7,"column":2},"end":{"line":14,"column":3}},{"start":{"line":7,"column":2},"end":{"line":14,"column":3}}],"line":7}},"s":{"0":1,"1":1,"2":1,"3":1,"4":0,"5":0,"6":0},"f":{"0":1},"b":{"0":[1,0]},"_coverageSchema":"1a1c01bbd47fc00a2c39e90264f33305004495a9","hash":"c27f6a999193e354e7b789768347826a02805d17"}
,"C:\\Users\\icufi\\Dropbox\\Coding\\Udacity\\Projects\\Project 4\\evaluate-news-nlp\\src\\client\\js\\nameChecker.js": {"path":"C:\\Users\\icufi\\Dropbox\\Coding\\Udacity\\Projects\\Project 4\\evaluate-news-nlp\\src\\client\\js\\nameChecker.js","statementMap":{"0":{"start":{"line":1,"column":21},"end":{"line":5,"column":1}},"1":{"start":{"line":2,"column":4},"end":{"line":2,"column":59}},"2":{"start":{"line":3,"column":18},"end":{"line":3,"column":57}},"3":{"start":{"line":4,"column":4},"end":{"line":4,"column":33}}},"fnMap":{"0":{"name":"(anonymous_0)","decl":{"start":{"line":1,"column":21},"end":{"line":1,"column":22}},"loc":{"start":{"line":1,"column":34},"end":{"line":5,"column":1}},"line":1}},"branchMap":{},"s":{"0":2,"1":2,"2":2,"3":2},"f":{"0":2},"b":{},"_coverageSchema":"1a1c01bbd47fc00a2c39e90264f33305004495a9","hash":"f097c82b3a3103ae9d02803c3b563b05f20d3fe5"}
}
